<?xml version="1.0" encoding="UTF-8"?>
<testng-results skipped="0" failed="0" ignored="0" total="2" passed="2">
  <reporter-output>
  </reporter-output>
  <suite name="Suite" duration-ms="9965" started-at="2022-07-02T18:26:18 IST" finished-at="2022-07-02T18:26:28 IST">
    <groups>
    </groups>
    <test name="chrome" duration-ms="8391" started-at="2022-07-02T18:26:18 IST" finished-at="2022-07-02T18:26:27 IST">
      <class name="com.testleaf.testcases.TC001Login">
        <test-method status="PASS" signature="setData()[pri:0, instance:com.testleaf.testcases.TC001Login@50de0926]" name="setData" is-config="true" duration-ms="6" started-at="2022-07-02T18:26:18 IST" finished-at="2022-07-02T18:26:18 IST">
          <reporter-output>
          </reporter-output>
        </test-method> <!-- setData -->
        <test-method status="PASS" signature="preCondition(java.lang.String)[pri:0, instance:com.testleaf.testcases.TC001Login@50de0926]" name="preCondition" is-config="true" duration-ms="3560" started-at="2022-07-02T18:26:23 IST" finished-at="2022-07-02T18:26:26 IST">
          <params>
            <param index="0">
              <value>
                <![CDATA[chrome]]>
              </value>
            </param>
          </params>
          <reporter-output>
          </reporter-output>
        </test-method> <!-- preCondition -->
        <test-method status="PASS" signature="runLogin(java.lang.String,java.lang.String)[pri:0, instance:com.testleaf.testcases.TC001Login@50de0926]" name="runLogin" duration-ms="530" started-at="2022-07-02T18:26:26 IST" data-provider="getData" finished-at="2022-07-02T18:26:27 IST">
          <params>
            <param index="0">
              <value>
                <![CDATA[DempoSalesManager]]>
              </value>
            </param>
            <param index="1">
              <value>
                <![CDATA[crmsfa]]>
              </value>
            </param>
          </params>
          <reporter-output>
          </reporter-output>
        </test-method> <!-- runLogin -->
        <test-method status="PASS" signature="postCondition()[pri:0, instance:com.testleaf.testcases.TC001Login@50de0926]" name="postCondition" is-config="true" duration-ms="148" started-at="2022-07-02T18:26:27 IST" finished-at="2022-07-02T18:26:27 IST">
          <reporter-output>
          </reporter-output>
        </test-method> <!-- postCondition -->
      </class> <!-- com.testleaf.testcases.TC001Login -->
    </test> <!-- chrome -->
    <test name="edge" duration-ms="9965" started-at="2022-07-02T18:26:18 IST" finished-at="2022-07-02T18:26:28 IST">
      <class name="com.testleaf.testcases.TC001Login">
        <test-method status="PASS" signature="setData()[pri:0, instance:com.testleaf.testcases.TC001Login@7fad8c79]" name="setData" is-config="true" duration-ms="6" started-at="2022-07-02T18:26:18 IST" finished-at="2022-07-02T18:26:18 IST">
          <reporter-output>
          </reporter-output>
        </test-method> <!-- setData -->
        <test-method status="PASS" signature="preCondition(java.lang.String)[pri:0, instance:com.testleaf.testcases.TC001Login@7fad8c79]" name="preCondition" is-config="true" duration-ms="5105" started-at="2022-07-02T18:26:23 IST" finished-at="2022-07-02T18:26:28 IST">
          <params>
            <param index="0">
              <value>
                <![CDATA[edge]]>
              </value>
            </param>
          </params>
          <reporter-output>
          </reporter-output>
        </test-method> <!-- preCondition -->
        <test-method status="PASS" signature="runLogin(java.lang.String,java.lang.String)[pri:0, instance:com.testleaf.testcases.TC001Login@7fad8c79]" name="runLogin" duration-ms="633" started-at="2022-07-02T18:26:28 IST" data-provider="getData" finished-at="2022-07-02T18:26:28 IST">
          <params>
            <param index="0">
              <value>
                <![CDATA[DempoSalesManager]]>
              </value>
            </param>
            <param index="1">
              <value>
                <![CDATA[crmsfa]]>
              </value>
            </param>
          </params>
          <reporter-output>
          </reporter-output>
        </test-method> <!-- runLogin -->
        <test-method status="PASS" signature="postCondition()[pri:0, instance:com.testleaf.testcases.TC001Login@7fad8c79]" name="postCondition" is-config="true" duration-ms="93" started-at="2022-07-02T18:26:28 IST" finished-at="2022-07-02T18:26:28 IST">
          <reporter-output>
          </reporter-output>
        </test-method> <!-- postCondition -->
      </class> <!-- com.testleaf.testcases.TC001Login -->
    </test> <!-- edge -->
  </suite> <!-- Suite -->
</testng-results>
